11:31:44 06.02.2016 INFO  xnio  <clinit>:93 - XNIO version 3.3.4.Final
11:31:44 06.02.2016 INFO  nio  <clinit>:55 - XNIO NIO Implementation Version 3.3.4.Final
11:31:44 06.02.2016 INFO  remoting  <clinit>:73 - JBoss Remoting version 4.0.18.Final
11:39:51 06.02.2016 INFO  xnio  <clinit>:93 - XNIO version 3.3.4.Final
11:39:51 06.02.2016 INFO  nio  <clinit>:55 - XNIO NIO Implementation Version 3.3.4.Final
11:39:51 06.02.2016 INFO  remoting  <clinit>:73 - JBoss Remoting version 4.0.18.Final
11:40:53 06.02.2016 INFO  xnio  <clinit>:93 - XNIO version 3.3.4.Final
11:40:53 06.02.2016 INFO  nio  <clinit>:55 - XNIO NIO Implementation Version 3.3.4.Final
11:40:53 06.02.2016 INFO  remoting  <clinit>:73 - JBoss Remoting version 4.0.18.Final
11:41:40 06.02.2016 ERROR BookManagerTest  testCreateBook:63 - This is objects form test:: First
11:41:40 06.02.2016 ERROR BookManagerTest  testCreateBook:63 - This is objects form test:: Second
11:41:40 06.02.2016 ERROR BookManagerTest  testCreateBook:63 - This is objects form test:: Third
12:16:27 06.02.2016 INFO  xnio  <clinit>:93 - XNIO version 3.3.4.Final
12:16:27 06.02.2016 INFO  nio  <clinit>:55 - XNIO NIO Implementation Version 3.3.4.Final
12:16:27 06.02.2016 INFO  remoting  <clinit>:73 - JBoss Remoting version 4.0.18.Final
12:18:03 06.02.2016 INFO  xnio  <clinit>:93 - XNIO version 3.3.4.Final
12:18:03 06.02.2016 INFO  nio  <clinit>:55 - XNIO NIO Implementation Version 3.3.4.Final
12:18:03 06.02.2016 INFO  remoting  <clinit>:73 - JBoss Remoting version 4.0.18.Final
13:20:11 06.02.2016 INFO  Webapp  registerServlet:78 - Auto-registered servlet ResourceServlet with mapping '/org.richfaces.resources/*'
13:20:15 06.02.2016 INFO  Cache  getCacheFactory:106 - Selected fallback cache factory
13:20:15 06.02.2016 INFO  Cache  createCache:44 - Creating LRUMap cache instance using parameters: {resteasy.servlet.mapping.prefix=/rest, resteasy.scanned.jndi.resources=java:app/BookLibrary-cdi/ReviewSeviceImpl;com.softserveinc.booklibrary.rest.service.ReviewSeviceImpl;true,java:app/BookLibrary-cdi/AuthorServiceImpl;com.softserveinc.booklibrary.rest.service.AuthorServiceImpl;true,java:app/BookLibrary-cdi/BookServiceImpl;com.softserveinc.booklibrary.rest.service.BookServiceImpl;true, resteasy.injector.factory=org.jboss.resteasy.cdi.CdiInjectorFactory, resteasy.document.expand.entity.references=false, org.jboss.weld.context.ignore.forward=false, resteasy.unwrapped.exceptions=javax.ejb.EJBException, org.jboss.weld.context.ignore.include=false, resteasy.scanned.resources=org.jboss.resteasy.plugins.stats.RegistryStatsResource, org.jboss.jbossfaces.IS_CDI=true, resteasy.scanned.providers=com.softserveinc.booklibrary.rest.util.JacksonJsonProvider,com.fasterxml.jackson.jaxrs.base.JsonMappingExceptionMapper,com.fasterxml.jackson.jaxrs.base.JsonParseExceptionMapper,com.fasterxml.jackson.jaxrs.json.JacksonJsonProvider,com.fasterxml.jackson.jaxrs.json.JsonMappingExceptionMapper,com.fasterxml.jackson.jaxrs.json.JsonParseExceptionMapper,com.fasterxml.jackson.jaxrs.json.JacksonJaxbJsonProvider,org.jboss.resteasy.plugins.providers.jaxb.MapProvider,org.jboss.resteasy.plugins.providers.jaxb.XmlJAXBContextFinder,org.jboss.resteasy.plugins.providers.jaxb.JAXBXmlTypeProvider,org.jboss.resteasy.plugins.providers.jaxb.CollectionProvider,org.jboss.resteasy.plugins.providers.jaxb.JAXBXmlSeeAlsoProvider,org.jboss.resteasy.plugins.providers.jaxb.JAXBXmlRootElementProvider,org.jboss.resteasy.plugins.providers.jaxb.JAXBElementProvider, org.richfaces.skin=wine}
13:20:15 06.02.2016 INFO  Cache  createCache:52 - Creating LRUMap cache instance of 512 items capacity
13:20:15 06.02.2016 INFO  Application  onStart:74 - RichFaces Core by JBoss by Red Hat, version 4.5.0.Final
13:20:15 06.02.2016 WARN  Application  logWarningWhenConnectionFactoryPresent:154 - JMS API was found on the classpath; if you want to enable RichFaces Push JMS integration, set context-param 'org.richfaces.push.jms.enabled' in web.xml
13:20:57 06.02.2016 INFO  xnio  <clinit>:93 - XNIO version 3.3.4.Final
13:20:57 06.02.2016 INFO  nio  <clinit>:55 - XNIO NIO Implementation Version 3.3.4.Final
13:20:57 06.02.2016 INFO  remoting  <clinit>:73 - JBoss Remoting version 4.0.18.Final
13:27:01 06.02.2016 INFO  xnio  <clinit>:93 - XNIO version 3.3.4.Final
13:27:01 06.02.2016 INFO  nio  <clinit>:55 - XNIO NIO Implementation Version 3.3.4.Final
13:27:01 06.02.2016 INFO  remoting  <clinit>:73 - JBoss Remoting version 4.0.18.Final
13:28:07 06.02.2016 INFO  xnio  <clinit>:93 - XNIO version 3.3.4.Final
13:28:07 06.02.2016 INFO  nio  <clinit>:55 - XNIO NIO Implementation Version 3.3.4.Final
13:28:08 06.02.2016 INFO  remoting  <clinit>:73 - JBoss Remoting version 4.0.18.Final
13:30:40 06.02.2016 INFO  xnio  <clinit>:93 - XNIO version 3.3.4.Final
13:30:40 06.02.2016 INFO  nio  <clinit>:55 - XNIO NIO Implementation Version 3.3.4.Final
13:30:40 06.02.2016 INFO  remoting  <clinit>:73 - JBoss Remoting version 4.0.18.Final
13:48:09 06.02.2016 INFO  xnio  <clinit>:93 - XNIO version 3.3.4.Final
13:48:09 06.02.2016 INFO  nio  <clinit>:55 - XNIO NIO Implementation Version 3.3.4.Final
13:48:09 06.02.2016 INFO  remoting  <clinit>:73 - JBoss Remoting version 4.0.18.Final
13:49:06 06.02.2016 INFO  xnio  <clinit>:93 - XNIO version 3.3.4.Final
13:49:06 06.02.2016 INFO  nio  <clinit>:55 - XNIO NIO Implementation Version 3.3.4.Final
13:49:06 06.02.2016 INFO  remoting  <clinit>:73 - JBoss Remoting version 4.0.18.Final
13:51:10 06.02.2016 INFO  xnio  <clinit>:93 - XNIO version 3.3.4.Final
13:51:10 06.02.2016 INFO  nio  <clinit>:55 - XNIO NIO Implementation Version 3.3.4.Final
13:51:10 06.02.2016 INFO  remoting  <clinit>:73 - JBoss Remoting version 4.0.18.Final
13:58:40 06.02.2016 INFO  xnio  <clinit>:93 - XNIO version 3.3.4.Final
13:58:40 06.02.2016 INFO  nio  <clinit>:55 - XNIO NIO Implementation Version 3.3.4.Final
13:58:41 06.02.2016 INFO  remoting  <clinit>:73 - JBoss Remoting version 4.0.18.Final
14:00:46 06.02.2016 INFO  xnio  <clinit>:93 - XNIO version 3.3.4.Final
14:00:46 06.02.2016 INFO  nio  <clinit>:55 - XNIO NIO Implementation Version 3.3.4.Final
14:00:46 06.02.2016 INFO  remoting  <clinit>:73 - JBoss Remoting version 4.0.18.Final
14:04:34 06.02.2016 INFO  xnio  <clinit>:93 - XNIO version 3.3.4.Final
14:04:34 06.02.2016 INFO  nio  <clinit>:55 - XNIO NIO Implementation Version 3.3.4.Final
14:04:34 06.02.2016 INFO  remoting  <clinit>:73 - JBoss Remoting version 4.0.18.Final
14:06:49 06.02.2016 INFO  xnio  <clinit>:93 - XNIO version 3.3.4.Final
14:06:49 06.02.2016 INFO  nio  <clinit>:55 - XNIO NIO Implementation Version 3.3.4.Final
14:06:50 06.02.2016 INFO  remoting  <clinit>:73 - JBoss Remoting version 4.0.18.Final
14:09:23 06.02.2016 INFO  xnio  <clinit>:93 - XNIO version 3.3.4.Final
14:09:23 06.02.2016 INFO  nio  <clinit>:55 - XNIO NIO Implementation Version 3.3.4.Final
14:09:23 06.02.2016 INFO  remoting  <clinit>:73 - JBoss Remoting version 4.0.18.Final
14:32:48 06.02.2016 INFO  xnio  <clinit>:93 - XNIO version 3.3.4.Final
14:32:48 06.02.2016 INFO  nio  <clinit>:55 - XNIO NIO Implementation Version 3.3.4.Final
14:32:48 06.02.2016 INFO  remoting  <clinit>:73 - JBoss Remoting version 4.0.18.Final
14:57:12 06.02.2016 INFO  xnio  <clinit>:93 - XNIO version 3.3.4.Final
14:57:12 06.02.2016 INFO  nio  <clinit>:55 - XNIO NIO Implementation Version 3.3.4.Final
14:57:12 06.02.2016 INFO  remoting  <clinit>:73 - JBoss Remoting version 4.0.18.Final
15:00:18 06.02.2016 INFO  xnio  <clinit>:93 - XNIO version 3.3.4.Final
15:00:18 06.02.2016 INFO  nio  <clinit>:55 - XNIO NIO Implementation Version 3.3.4.Final
15:00:18 06.02.2016 INFO  remoting  <clinit>:73 - JBoss Remoting version 4.0.18.Final
15:08:05 06.02.2016 INFO  xnio  <clinit>:93 - XNIO version 3.3.4.Final
15:08:05 06.02.2016 INFO  nio  <clinit>:55 - XNIO NIO Implementation Version 3.3.4.Final
15:08:05 06.02.2016 INFO  remoting  <clinit>:73 - JBoss Remoting version 4.0.18.Final
15:10:43 06.02.2016 INFO  xnio  <clinit>:93 - XNIO version 3.3.4.Final
15:10:43 06.02.2016 INFO  nio  <clinit>:55 - XNIO NIO Implementation Version 3.3.4.Final
15:10:43 06.02.2016 INFO  remoting  <clinit>:73 - JBoss Remoting version 4.0.18.Final
15:26:04 06.02.2016 INFO  xnio  <clinit>:93 - XNIO version 3.3.4.Final
15:26:04 06.02.2016 INFO  nio  <clinit>:55 - XNIO NIO Implementation Version 3.3.4.Final
15:26:04 06.02.2016 INFO  remoting  <clinit>:73 - JBoss Remoting version 4.0.18.Final
17:37:04 06.02.2016 INFO  xnio  <clinit>:93 - XNIO version 3.3.4.Final
17:37:04 06.02.2016 INFO  nio  <clinit>:55 - XNIO NIO Implementation Version 3.3.4.Final
17:37:04 06.02.2016 INFO  remoting  <clinit>:73 - JBoss Remoting version 4.0.18.Final
17:37:16 06.02.2016 INFO  Webapp  registerServlet:78 - Auto-registered servlet ResourceServlet with mapping '/org.richfaces.resources/*'
17:37:20 06.02.2016 INFO  Cache  getCacheFactory:106 - Selected fallback cache factory
17:37:20 06.02.2016 INFO  Cache  createCache:44 - Creating LRUMap cache instance using parameters: {resteasy.servlet.mapping.prefix=/rest, resteasy.scanned.jndi.resources=java:app/BookLibrary-cdi/ReviewSeviceImpl;com.softserveinc.booklibrary.rest.service.ReviewSeviceImpl;true,java:app/BookLibrary-cdi/AuthorServiceImpl;com.softserveinc.booklibrary.rest.service.AuthorServiceImpl;true,java:app/BookLibrary-cdi/BookServiceImpl;com.softserveinc.booklibrary.rest.service.BookServiceImpl;true, resteasy.injector.factory=org.jboss.resteasy.cdi.CdiInjectorFactory, resteasy.document.expand.entity.references=false, org.jboss.weld.context.ignore.forward=false, resteasy.unwrapped.exceptions=javax.ejb.EJBException, org.jboss.weld.context.ignore.include=false, resteasy.scanned.resources=org.jboss.resteasy.plugins.stats.RegistryStatsResource, org.jboss.jbossfaces.IS_CDI=true, resteasy.scanned.providers=com.softserveinc.booklibrary.rest.util.JacksonJsonProvider,com.fasterxml.jackson.jaxrs.base.JsonMappingExceptionMapper,com.fasterxml.jackson.jaxrs.base.JsonParseExceptionMapper,com.fasterxml.jackson.jaxrs.json.JacksonJsonProvider,com.fasterxml.jackson.jaxrs.json.JsonMappingExceptionMapper,com.fasterxml.jackson.jaxrs.json.JsonParseExceptionMapper,com.fasterxml.jackson.jaxrs.json.JacksonJaxbJsonProvider,org.jboss.resteasy.plugins.providers.jaxb.MapProvider,org.jboss.resteasy.plugins.providers.jaxb.XmlJAXBContextFinder,org.jboss.resteasy.plugins.providers.jaxb.JAXBXmlTypeProvider,org.jboss.resteasy.plugins.providers.jaxb.CollectionProvider,org.jboss.resteasy.plugins.providers.jaxb.JAXBXmlSeeAlsoProvider,org.jboss.resteasy.plugins.providers.jaxb.JAXBXmlRootElementProvider,org.jboss.resteasy.plugins.providers.jaxb.JAXBElementProvider, org.richfaces.skin=wine}
17:37:20 06.02.2016 INFO  Cache  createCache:52 - Creating LRUMap cache instance of 512 items capacity
17:37:20 06.02.2016 INFO  Application  onStart:74 - RichFaces Core by JBoss by Red Hat, version 4.5.0.Final
17:37:20 06.02.2016 WARN  Application  logWarningWhenConnectionFactoryPresent:154 - JMS API was found on the classpath; if you want to enable RichFaces Push JMS integration, set context-param 'org.richfaces.push.jms.enabled' in web.xml
17:37:54 06.02.2016 INFO  xnio  <clinit>:93 - XNIO version 3.3.4.Final
17:37:54 06.02.2016 INFO  nio  <clinit>:55 - XNIO NIO Implementation Version 3.3.4.Final
17:37:54 06.02.2016 INFO  remoting  <clinit>:73 - JBoss Remoting version 4.0.18.Final
17:38:02 06.02.2016 INFO  Webapp  registerServlet:78 - Auto-registered servlet ResourceServlet with mapping '/org.richfaces.resources/*'
17:38:06 06.02.2016 INFO  Cache  getCacheFactory:106 - Selected fallback cache factory
17:38:06 06.02.2016 INFO  Cache  createCache:44 - Creating LRUMap cache instance using parameters: {resteasy.servlet.mapping.prefix=/rest, resteasy.scanned.jndi.resources=java:app/BookLibrary-cdi/ReviewSeviceImpl;com.softserveinc.booklibrary.rest.service.ReviewSeviceImpl;true,java:app/BookLibrary-cdi/AuthorServiceImpl;com.softserveinc.booklibrary.rest.service.AuthorServiceImpl;true,java:app/BookLibrary-cdi/BookServiceImpl;com.softserveinc.booklibrary.rest.service.BookServiceImpl;true, resteasy.injector.factory=org.jboss.resteasy.cdi.CdiInjectorFactory, resteasy.document.expand.entity.references=false, org.jboss.weld.context.ignore.forward=false, resteasy.unwrapped.exceptions=javax.ejb.EJBException, org.jboss.weld.context.ignore.include=false, resteasy.scanned.resources=org.jboss.resteasy.plugins.stats.RegistryStatsResource, org.jboss.jbossfaces.IS_CDI=true, resteasy.scanned.providers=com.softserveinc.booklibrary.rest.util.JacksonJsonProvider,com.fasterxml.jackson.jaxrs.base.JsonMappingExceptionMapper,com.fasterxml.jackson.jaxrs.base.JsonParseExceptionMapper,com.fasterxml.jackson.jaxrs.json.JacksonJsonProvider,com.fasterxml.jackson.jaxrs.json.JsonMappingExceptionMapper,com.fasterxml.jackson.jaxrs.json.JsonParseExceptionMapper,com.fasterxml.jackson.jaxrs.json.JacksonJaxbJsonProvider,org.jboss.resteasy.plugins.providers.jaxb.MapProvider,org.jboss.resteasy.plugins.providers.jaxb.XmlJAXBContextFinder,org.jboss.resteasy.plugins.providers.jaxb.JAXBXmlTypeProvider,org.jboss.resteasy.plugins.providers.jaxb.CollectionProvider,org.jboss.resteasy.plugins.providers.jaxb.JAXBXmlSeeAlsoProvider,org.jboss.resteasy.plugins.providers.jaxb.JAXBXmlRootElementProvider,org.jboss.resteasy.plugins.providers.jaxb.JAXBElementProvider, org.richfaces.skin=wine}
17:38:06 06.02.2016 INFO  Cache  createCache:52 - Creating LRUMap cache instance of 512 items capacity
17:38:06 06.02.2016 INFO  Application  onStart:74 - RichFaces Core by JBoss by Red Hat, version 4.5.0.Final
17:38:06 06.02.2016 WARN  Application  logWarningWhenConnectionFactoryPresent:154 - JMS API was found on the classpath; if you want to enable RichFaces Push JMS integration, set context-param 'org.richfaces.push.jms.enabled' in web.xml
17:39:42 06.02.2016 INFO  xnio  <clinit>:93 - XNIO version 3.3.4.Final
17:39:42 06.02.2016 INFO  nio  <clinit>:55 - XNIO NIO Implementation Version 3.3.4.Final
17:39:42 06.02.2016 INFO  remoting  <clinit>:73 - JBoss Remoting version 4.0.18.Final
17:40:40 06.02.2016 INFO  xnio  <clinit>:93 - XNIO version 3.3.4.Final
17:40:40 06.02.2016 INFO  nio  <clinit>:55 - XNIO NIO Implementation Version 3.3.4.Final
17:40:40 06.02.2016 INFO  remoting  <clinit>:73 - JBoss Remoting version 4.0.18.Final
18:02:56 06.02.2016 INFO  xnio  <clinit>:93 - XNIO version 3.3.4.Final
18:02:56 06.02.2016 INFO  nio  <clinit>:55 - XNIO NIO Implementation Version 3.3.4.Final
18:02:56 06.02.2016 INFO  remoting  <clinit>:73 - JBoss Remoting version 4.0.18.Final
18:06:09 06.02.2016 INFO  xnio  <clinit>:93 - XNIO version 3.3.4.Final
18:06:09 06.02.2016 INFO  nio  <clinit>:55 - XNIO NIO Implementation Version 3.3.4.Final
18:06:09 06.02.2016 INFO  remoting  <clinit>:73 - JBoss Remoting version 4.0.18.Final
18:09:07 06.02.2016 INFO  xnio  <clinit>:93 - XNIO version 3.3.4.Final
18:09:07 06.02.2016 INFO  nio  <clinit>:55 - XNIO NIO Implementation Version 3.3.4.Final
18:09:07 06.02.2016 INFO  remoting  <clinit>:73 - JBoss Remoting version 4.0.18.Final
18:12:18 06.02.2016 INFO  xnio  <clinit>:93 - XNIO version 3.3.4.Final
18:12:18 06.02.2016 INFO  nio  <clinit>:55 - XNIO NIO Implementation Version 3.3.4.Final
18:12:18 06.02.2016 INFO  remoting  <clinit>:73 - JBoss Remoting version 4.0.18.Final
18:14:38 06.02.2016 INFO  xnio  <clinit>:93 - XNIO version 3.3.4.Final
18:14:38 06.02.2016 INFO  nio  <clinit>:55 - XNIO NIO Implementation Version 3.3.4.Final
18:14:39 06.02.2016 INFO  remoting  <clinit>:73 - JBoss Remoting version 4.0.18.Final
18:25:15 06.02.2016 INFO  xnio  <clinit>:93 - XNIO version 3.3.4.Final
18:25:15 06.02.2016 INFO  nio  <clinit>:55 - XNIO NIO Implementation Version 3.3.4.Final
18:25:15 06.02.2016 INFO  remoting  <clinit>:73 - JBoss Remoting version 4.0.18.Final
18:27:04 06.02.2016 INFO  xnio  <clinit>:93 - XNIO version 3.3.4.Final
18:27:04 06.02.2016 INFO  nio  <clinit>:55 - XNIO NIO Implementation Version 3.3.4.Final
18:27:04 06.02.2016 INFO  remoting  <clinit>:73 - JBoss Remoting version 4.0.18.Final
18:38:11 06.02.2016 INFO  xnio  <clinit>:93 - XNIO version 3.3.4.Final
18:38:11 06.02.2016 INFO  nio  <clinit>:55 - XNIO NIO Implementation Version 3.3.4.Final
18:38:11 06.02.2016 INFO  remoting  <clinit>:73 - JBoss Remoting version 4.0.18.Final
18:50:50 06.02.2016 INFO  xnio  <clinit>:93 - XNIO version 3.3.4.Final
18:50:50 06.02.2016 INFO  nio  <clinit>:55 - XNIO NIO Implementation Version 3.3.4.Final
18:50:50 06.02.2016 INFO  remoting  <clinit>:73 - JBoss Remoting version 4.0.18.Final
19:07:11 06.02.2016 INFO  xnio  <clinit>:93 - XNIO version 3.3.4.Final
19:07:11 06.02.2016 INFO  nio  <clinit>:55 - XNIO NIO Implementation Version 3.3.4.Final
19:07:11 06.02.2016 INFO  remoting  <clinit>:73 - JBoss Remoting version 4.0.18.Final
19:19:58 06.02.2016 INFO  xnio  <clinit>:93 - XNIO version 3.3.4.Final
19:19:58 06.02.2016 INFO  nio  <clinit>:55 - XNIO NIO Implementation Version 3.3.4.Final
19:19:58 06.02.2016 INFO  remoting  <clinit>:73 - JBoss Remoting version 4.0.18.Final
19:25:05 06.02.2016 INFO  xnio  <clinit>:93 - XNIO version 3.3.4.Final
19:25:05 06.02.2016 INFO  nio  <clinit>:55 - XNIO NIO Implementation Version 3.3.4.Final
19:25:05 06.02.2016 INFO  remoting  <clinit>:73 - JBoss Remoting version 4.0.18.Final
19:55:21 06.02.2016 INFO  xnio  <clinit>:93 - XNIO version 3.3.4.Final
19:55:21 06.02.2016 INFO  nio  <clinit>:55 - XNIO NIO Implementation Version 3.3.4.Final
19:55:21 06.02.2016 INFO  remoting  <clinit>:73 - JBoss Remoting version 4.0.18.Final
19:56:22 06.02.2016 WARN  ArchiveDeployer  undeploy:57 - Cannot undeploy: test.war
org.jboss.as.controller.client.helpers.standalone.ServerDeploymentHelper$ServerDeploymentException: java.lang.Exception: "WFLYCTL0216: Management resource '[(\"deployment\" => \"test.war\")]' not found"
	at org.jboss.as.controller.client.helpers.standalone.ServerDeploymentHelper.undeploy(ServerDeploymentHelper.java:114)
	at org.jboss.as.arquillian.container.ArchiveDeployer.undeploy(ArchiveDeployer.java:55)
	at org.jboss.as.arquillian.container.CommonDeployableContainer.undeploy(CommonDeployableContainer.java:152)
	at org.jboss.arquillian.container.impl.client.container.ContainerDeployController$4.call(ContainerDeployController.java:205)
	at org.jboss.arquillian.container.impl.client.container.ContainerDeployController$4.call(ContainerDeployController.java:185)
	at org.jboss.arquillian.container.impl.client.container.ContainerDeployController.executeOperation(ContainerDeployController.java:271)
	at org.jboss.arquillian.container.impl.client.container.ContainerDeployController.undeploy(ContainerDeployController.java:184)
	at sun.reflect.NativeMethodAccessorImpl.invoke0(Native Method)
	at sun.reflect.NativeMethodAccessorImpl.invoke(NativeMethodAccessorImpl.java:62)
	at sun.reflect.DelegatingMethodAccessorImpl.invoke(DelegatingMethodAccessorImpl.java:43)
	at java.lang.reflect.Method.invoke(Method.java:497)
	at org.jboss.arquillian.core.impl.ObserverImpl.invoke(ObserverImpl.java:94)
	at org.jboss.arquillian.core.impl.EventContextImpl.invokeObservers(EventContextImpl.java:99)
	at org.jboss.arquillian.core.impl.EventContextImpl.proceed(EventContextImpl.java:81)
	at org.jboss.arquillian.container.impl.client.ContainerDeploymentContextHandler.createDeploymentContext(ContainerDeploymentContextHandler.java:78)
	at sun.reflect.NativeMethodAccessorImpl.invoke0(Native Method)
	at sun.reflect.NativeMethodAccessorImpl.invoke(NativeMethodAccessorImpl.java:62)
	at sun.reflect.DelegatingMethodAccessorImpl.invoke(DelegatingMethodAccessorImpl.java:43)
	at java.lang.reflect.Method.invoke(Method.java:497)
	at org.jboss.arquillian.core.impl.ObserverImpl.invoke(ObserverImpl.java:94)
	at org.jboss.arquillian.core.impl.EventContextImpl.proceed(EventContextImpl.java:88)
	at org.jboss.arquillian.container.impl.client.ContainerDeploymentContextHandler.createContainerContext(ContainerDeploymentContextHandler.java:57)
	at sun.reflect.NativeMethodAccessorImpl.invoke0(Native Method)
	at sun.reflect.NativeMethodAccessorImpl.invoke(NativeMethodAccessorImpl.java:62)
	at sun.reflect.DelegatingMethodAccessorImpl.invoke(DelegatingMethodAccessorImpl.java:43)
	at java.lang.reflect.Method.invoke(Method.java:497)
	at org.jboss.arquillian.core.impl.ObserverImpl.invoke(ObserverImpl.java:94)
	at org.jboss.arquillian.core.impl.EventContextImpl.proceed(EventContextImpl.java:88)
	at org.jboss.arquillian.core.impl.ManagerImpl.fire(ManagerImpl.java:135)
	at org.jboss.arquillian.core.impl.ManagerImpl.fire(ManagerImpl.java:115)
	at org.jboss.arquillian.core.impl.EventImpl.fire(EventImpl.java:67)
	at org.jboss.arquillian.container.impl.client.container.ContainerDeployController$2.perform(ContainerDeployController.java:119)
	at org.jboss.arquillian.container.impl.client.container.ContainerDeployController$2.perform(ContainerDeployController.java:110)
	at org.jboss.arquillian.container.impl.client.container.ContainerDeployController.forEachDeployment(ContainerDeployController.java:263)
	at org.jboss.arquillian.container.impl.client.container.ContainerDeployController.forEachDeployedDeployment(ContainerDeployController.java:249)
	at org.jboss.arquillian.container.impl.client.container.ContainerDeployController.undeployManaged(ContainerDeployController.java:109)
	at sun.reflect.NativeMethodAccessorImpl.invoke0(Native Method)
	at sun.reflect.NativeMethodAccessorImpl.invoke(NativeMethodAccessorImpl.java:62)
	at sun.reflect.DelegatingMethodAccessorImpl.invoke(DelegatingMethodAccessorImpl.java:43)
	at java.lang.reflect.Method.invoke(Method.java:497)
	at org.jboss.arquillian.core.impl.ObserverImpl.invoke(ObserverImpl.java:94)
	at org.jboss.arquillian.core.impl.EventContextImpl.invokeObservers(EventContextImpl.java:99)
	at org.jboss.arquillian.core.impl.EventContextImpl.proceed(EventContextImpl.java:81)
	at org.jboss.arquillian.core.impl.ManagerImpl.fire(ManagerImpl.java:135)
	at org.jboss.arquillian.core.impl.ManagerImpl.fire(ManagerImpl.java:115)
	at org.jboss.arquillian.core.impl.EventImpl.fire(EventImpl.java:67)
	at org.jboss.arquillian.container.test.impl.client.ContainerEventController.execute(ContainerEventController.java:108)
	at sun.reflect.NativeMethodAccessorImpl.invoke0(Native Method)
	at sun.reflect.NativeMethodAccessorImpl.invoke(NativeMethodAccessorImpl.java:62)
	at sun.reflect.DelegatingMethodAccessorImpl.invoke(DelegatingMethodAccessorImpl.java:43)
	at java.lang.reflect.Method.invoke(Method.java:497)
	at org.jboss.arquillian.core.impl.ObserverImpl.invoke(ObserverImpl.java:94)
	at org.jboss.arquillian.core.impl.EventContextImpl.invokeObservers(EventContextImpl.java:99)
	at org.jboss.arquillian.core.impl.EventContextImpl.proceed(EventContextImpl.java:81)
	at org.jboss.arquillian.test.impl.TestContextHandler.createClassContext(TestContextHandler.java:84)
	at sun.reflect.NativeMethodAccessorImpl.invoke0(Native Method)
	at sun.reflect.NativeMethodAccessorImpl.invoke(NativeMethodAccessorImpl.java:62)
	at sun.reflect.DelegatingMethodAccessorImpl.invoke(DelegatingMethodAccessorImpl.java:43)
	at java.lang.reflect.Method.invoke(Method.java:497)
	at org.jboss.arquillian.core.impl.ObserverImpl.invoke(ObserverImpl.java:94)
	at org.jboss.arquillian.core.impl.EventContextImpl.proceed(EventContextImpl.java:88)
	at org.jboss.arquillian.test.impl.TestContextHandler.createSuiteContext(TestContextHandler.java:65)
	at sun.reflect.NativeMethodAccessorImpl.invoke0(Native Method)
	at sun.reflect.NativeMethodAccessorImpl.invoke(NativeMethodAccessorImpl.java:62)
	at sun.reflect.DelegatingMethodAccessorImpl.invoke(DelegatingMethodAccessorImpl.java:43)
	at java.lang.reflect.Method.invoke(Method.java:497)
	at org.jboss.arquillian.core.impl.ObserverImpl.invoke(ObserverImpl.java:94)
	at org.jboss.arquillian.core.impl.EventContextImpl.proceed(EventContextImpl.java:88)
	at org.jboss.arquillian.core.impl.ManagerImpl.fire(ManagerImpl.java:135)
	at org.jboss.arquillian.core.impl.ManagerImpl.fire(ManagerImpl.java:115)
	at org.jboss.arquillian.test.impl.EventTestRunnerAdaptor.afterClass(EventTestRunnerAdaptor.java:87)
	at org.jboss.arquillian.testng.Arquillian.arquillianAfterClass(Arquillian.java:122)
	at sun.reflect.NativeMethodAccessorImpl.invoke0(Native Method)
	at sun.reflect.NativeMethodAccessorImpl.invoke(NativeMethodAccessorImpl.java:62)
	at sun.reflect.DelegatingMethodAccessorImpl.invoke(DelegatingMethodAccessorImpl.java:43)
	at java.lang.reflect.Method.invoke(Method.java:497)
	at org.testng.internal.MethodInvocationHelper.invokeMethod(MethodInvocationHelper.java:85)
	at org.testng.internal.Invoker.invokeConfigurationMethod(Invoker.java:510)
	at org.testng.internal.Invoker.invokeConfigurations(Invoker.java:211)
	at org.testng.internal.Invoker.invokeConfigurations(Invoker.java:138)
	at org.testng.internal.TestMethodWorker.invokeAfterClassMethods(TestMethodWorker.java:220)
	at org.testng.internal.TestMethodWorker.run(TestMethodWorker.java:111)
	at org.testng.TestRunner.privateRun(TestRunner.java:774)
	at org.testng.TestRunner.run(TestRunner.java:624)
	at org.testng.SuiteRunner.runTest(SuiteRunner.java:359)
	at org.testng.SuiteRunner.runSequentially(SuiteRunner.java:354)
	at org.testng.SuiteRunner.privateRun(SuiteRunner.java:312)
	at org.testng.SuiteRunner.run(SuiteRunner.java:261)
	at org.testng.SuiteRunnerWorker.runSuite(SuiteRunnerWorker.java:52)
	at org.testng.SuiteRunnerWorker.run(SuiteRunnerWorker.java:86)
	at org.testng.TestNG.runSuitesSequentially(TestNG.java:1215)
	at org.testng.TestNG.runSuitesLocally(TestNG.java:1140)
	at org.testng.TestNG.run(TestNG.java:1048)
	at org.testng.remote.RemoteTestNG.run(RemoteTestNG.java:112)
	at org.testng.remote.RemoteTestNG.initAndRun(RemoteTestNG.java:205)
	at org.testng.remote.RemoteTestNG.main(RemoteTestNG.java:176)
Caused by: java.lang.Exception: "WFLYCTL0216: Management resource '[(\"deployment\" => \"test.war\")]' not found"
	at org.jboss.as.controller.client.helpers.standalone.impl.ServerDeploymentPlanResultFuture.getActionResult(ServerDeploymentPlanResultFuture.java:134)
	at org.jboss.as.controller.client.helpers.standalone.impl.ServerDeploymentPlanResultFuture.getResultFromNode(ServerDeploymentPlanResultFuture.java:123)
	at org.jboss.as.controller.client.helpers.standalone.impl.ServerDeploymentPlanResultFuture.get(ServerDeploymentPlanResultFuture.java:85)
	at org.jboss.as.controller.client.helpers.standalone.impl.ServerDeploymentPlanResultFuture.get(ServerDeploymentPlanResultFuture.java:42)
	at org.jboss.as.controller.client.helpers.standalone.ServerDeploymentHelper.undeploy(ServerDeploymentHelper.java:107)
	... 95 more
19:57:58 06.02.2016 INFO  xnio  <clinit>:93 - XNIO version 3.3.4.Final
19:57:58 06.02.2016 INFO  nio  <clinit>:55 - XNIO NIO Implementation Version 3.3.4.Final
19:57:58 06.02.2016 INFO  remoting  <clinit>:73 - JBoss Remoting version 4.0.18.Final
20:01:00 06.02.2016 INFO  xnio  <clinit>:93 - XNIO version 3.3.4.Final
20:01:00 06.02.2016 INFO  nio  <clinit>:55 - XNIO NIO Implementation Version 3.3.4.Final
20:01:00 06.02.2016 INFO  remoting  <clinit>:73 - JBoss Remoting version 4.0.18.Final
20:02:52 06.02.2016 INFO  xnio  <clinit>:93 - XNIO version 3.3.4.Final
20:02:52 06.02.2016 INFO  nio  <clinit>:55 - XNIO NIO Implementation Version 3.3.4.Final
20:02:52 06.02.2016 INFO  remoting  <clinit>:73 - JBoss Remoting version 4.0.18.Final
20:05:37 06.02.2016 INFO  xnio  <clinit>:93 - XNIO version 3.3.4.Final
20:05:37 06.02.2016 INFO  nio  <clinit>:55 - XNIO NIO Implementation Version 3.3.4.Final
20:05:37 06.02.2016 INFO  remoting  <clinit>:73 - JBoss Remoting version 4.0.18.Final
20:20:04 06.02.2016 INFO  xnio  <clinit>:93 - XNIO version 3.3.4.Final
20:20:04 06.02.2016 INFO  nio  <clinit>:55 - XNIO NIO Implementation Version 3.3.4.Final
20:20:04 06.02.2016 INFO  remoting  <clinit>:73 - JBoss Remoting version 4.0.18.Final
20:36:53 06.02.2016 INFO  xnio  <clinit>:93 - XNIO version 3.3.4.Final
20:36:53 06.02.2016 INFO  nio  <clinit>:55 - XNIO NIO Implementation Version 3.3.4.Final
20:36:53 06.02.2016 INFO  remoting  <clinit>:73 - JBoss Remoting version 4.0.18.Final
20:46:28 06.02.2016 INFO  xnio  <clinit>:93 - XNIO version 3.3.4.Final
20:46:28 06.02.2016 INFO  nio  <clinit>:55 - XNIO NIO Implementation Version 3.3.4.Final
20:46:28 06.02.2016 INFO  remoting  <clinit>:73 - JBoss Remoting version 4.0.18.Final
20:52:17 06.02.2016 INFO  xnio  <clinit>:93 - XNIO version 3.3.4.Final
20:52:17 06.02.2016 INFO  nio  <clinit>:55 - XNIO NIO Implementation Version 3.3.4.Final
20:52:17 06.02.2016 INFO  remoting  <clinit>:73 - JBoss Remoting version 4.0.18.Final
20:54:24 06.02.2016 INFO  xnio  <clinit>:93 - XNIO version 3.3.4.Final
20:54:24 06.02.2016 INFO  nio  <clinit>:55 - XNIO NIO Implementation Version 3.3.4.Final
20:54:24 06.02.2016 INFO  remoting  <clinit>:73 - JBoss Remoting version 4.0.18.Final
20:55:36 06.02.2016 INFO  xnio  <clinit>:93 - XNIO version 3.3.4.Final
20:55:36 06.02.2016 INFO  nio  <clinit>:55 - XNIO NIO Implementation Version 3.3.4.Final
20:55:36 06.02.2016 INFO  remoting  <clinit>:73 - JBoss Remoting version 4.0.18.Final
21:01:47 06.02.2016 INFO  xnio  <clinit>:93 - XNIO version 3.3.4.Final
21:01:47 06.02.2016 INFO  nio  <clinit>:55 - XNIO NIO Implementation Version 3.3.4.Final
21:01:47 06.02.2016 INFO  remoting  <clinit>:73 - JBoss Remoting version 4.0.18.Final
21:05:33 06.02.2016 INFO  xnio  <clinit>:93 - XNIO version 3.3.4.Final
21:05:33 06.02.2016 INFO  nio  <clinit>:55 - XNIO NIO Implementation Version 3.3.4.Final
21:05:33 06.02.2016 INFO  remoting  <clinit>:73 - JBoss Remoting version 4.0.18.Final
21:10:25 06.02.2016 INFO  xnio  <clinit>:93 - XNIO version 3.3.4.Final
21:10:25 06.02.2016 INFO  nio  <clinit>:55 - XNIO NIO Implementation Version 3.3.4.Final
21:10:25 06.02.2016 INFO  remoting  <clinit>:73 - JBoss Remoting version 4.0.18.Final
21:12:32 06.02.2016 INFO  xnio  <clinit>:93 - XNIO version 3.3.4.Final
21:12:32 06.02.2016 INFO  nio  <clinit>:55 - XNIO NIO Implementation Version 3.3.4.Final
21:12:32 06.02.2016 INFO  remoting  <clinit>:73 - JBoss Remoting version 4.0.18.Final
21:13:08 06.02.2016 INFO  xnio  <clinit>:93 - XNIO version 3.3.4.Final
21:13:08 06.02.2016 INFO  nio  <clinit>:55 - XNIO NIO Implementation Version 3.3.4.Final
21:13:08 06.02.2016 INFO  remoting  <clinit>:73 - JBoss Remoting version 4.0.18.Final
21:14:40 06.02.2016 INFO  xnio  <clinit>:93 - XNIO version 3.3.4.Final
21:14:40 06.02.2016 INFO  nio  <clinit>:55 - XNIO NIO Implementation Version 3.3.4.Final
21:14:40 06.02.2016 INFO  remoting  <clinit>:73 - JBoss Remoting version 4.0.18.Final
21:14:59 06.02.2016 WARN  ArchiveDeployer  undeploy:57 - Cannot undeploy: test.war
org.jboss.as.controller.client.helpers.standalone.ServerDeploymentHelper$ServerDeploymentException: java.lang.Exception: "WFLYCTL0216: Management resource '[(\"deployment\" => \"test.war\")]' not found"
	at org.jboss.as.controller.client.helpers.standalone.ServerDeploymentHelper.undeploy(ServerDeploymentHelper.java:114)
	at org.jboss.as.arquillian.container.ArchiveDeployer.undeploy(ArchiveDeployer.java:55)
	at org.jboss.as.arquillian.container.CommonDeployableContainer.undeploy(CommonDeployableContainer.java:152)
	at org.jboss.arquillian.container.impl.client.container.ContainerDeployController$4.call(ContainerDeployController.java:205)
	at org.jboss.arquillian.container.impl.client.container.ContainerDeployController$4.call(ContainerDeployController.java:185)
	at org.jboss.arquillian.container.impl.client.container.ContainerDeployController.executeOperation(ContainerDeployController.java:271)
	at org.jboss.arquillian.container.impl.client.container.ContainerDeployController.undeploy(ContainerDeployController.java:184)
	at sun.reflect.NativeMethodAccessorImpl.invoke0(Native Method)
	at sun.reflect.NativeMethodAccessorImpl.invoke(NativeMethodAccessorImpl.java:62)
	at sun.reflect.DelegatingMethodAccessorImpl.invoke(DelegatingMethodAccessorImpl.java:43)
	at java.lang.reflect.Method.invoke(Method.java:497)
	at org.jboss.arquillian.core.impl.ObserverImpl.invoke(ObserverImpl.java:94)
	at org.jboss.arquillian.core.impl.EventContextImpl.invokeObservers(EventContextImpl.java:99)
	at org.jboss.arquillian.core.impl.EventContextImpl.proceed(EventContextImpl.java:81)
	at org.jboss.arquillian.container.impl.client.ContainerDeploymentContextHandler.createDeploymentContext(ContainerDeploymentContextHandler.java:78)
	at sun.reflect.NativeMethodAccessorImpl.invoke0(Native Method)
	at sun.reflect.NativeMethodAccessorImpl.invoke(NativeMethodAccessorImpl.java:62)
	at sun.reflect.DelegatingMethodAccessorImpl.invoke(DelegatingMethodAccessorImpl.java:43)
	at java.lang.reflect.Method.invoke(Method.java:497)
	at org.jboss.arquillian.core.impl.ObserverImpl.invoke(ObserverImpl.java:94)
	at org.jboss.arquillian.core.impl.EventContextImpl.proceed(EventContextImpl.java:88)
	at org.jboss.arquillian.container.impl.client.ContainerDeploymentContextHandler.createContainerContext(ContainerDeploymentContextHandler.java:57)
	at sun.reflect.NativeMethodAccessorImpl.invoke0(Native Method)
	at sun.reflect.NativeMethodAccessorImpl.invoke(NativeMethodAccessorImpl.java:62)
	at sun.reflect.DelegatingMethodAccessorImpl.invoke(DelegatingMethodAccessorImpl.java:43)
	at java.lang.reflect.Method.invoke(Method.java:497)
	at org.jboss.arquillian.core.impl.ObserverImpl.invoke(ObserverImpl.java:94)
	at org.jboss.arquillian.core.impl.EventContextImpl.proceed(EventContextImpl.java:88)
	at org.jboss.arquillian.core.impl.ManagerImpl.fire(ManagerImpl.java:135)
	at org.jboss.arquillian.core.impl.ManagerImpl.fire(ManagerImpl.java:115)
	at org.jboss.arquillian.core.impl.EventImpl.fire(EventImpl.java:67)
	at org.jboss.arquillian.container.impl.client.container.ContainerDeployController$2.perform(ContainerDeployController.java:119)
	at org.jboss.arquillian.container.impl.client.container.ContainerDeployController$2.perform(ContainerDeployController.java:110)
	at org.jboss.arquillian.container.impl.client.container.ContainerDeployController.forEachDeployment(ContainerDeployController.java:263)
	at org.jboss.arquillian.container.impl.client.container.ContainerDeployController.forEachDeployedDeployment(ContainerDeployController.java:249)
	at org.jboss.arquillian.container.impl.client.container.ContainerDeployController.undeployManaged(ContainerDeployController.java:109)
	at sun.reflect.NativeMethodAccessorImpl.invoke0(Native Method)
	at sun.reflect.NativeMethodAccessorImpl.invoke(NativeMethodAccessorImpl.java:62)
	at sun.reflect.DelegatingMethodAccessorImpl.invoke(DelegatingMethodAccessorImpl.java:43)
	at java.lang.reflect.Method.invoke(Method.java:497)
	at org.jboss.arquillian.core.impl.ObserverImpl.invoke(ObserverImpl.java:94)
	at org.jboss.arquillian.core.impl.EventContextImpl.invokeObservers(EventContextImpl.java:99)
	at org.jboss.arquillian.core.impl.EventContextImpl.proceed(EventContextImpl.java:81)
	at org.jboss.arquillian.core.impl.ManagerImpl.fire(ManagerImpl.java:135)
	at org.jboss.arquillian.core.impl.ManagerImpl.fire(ManagerImpl.java:115)
	at org.jboss.arquillian.core.impl.EventImpl.fire(EventImpl.java:67)
	at org.jboss.arquillian.container.test.impl.client.ContainerEventController.execute(ContainerEventController.java:108)
	at sun.reflect.NativeMethodAccessorImpl.invoke0(Native Method)
	at sun.reflect.NativeMethodAccessorImpl.invoke(NativeMethodAccessorImpl.java:62)
	at sun.reflect.DelegatingMethodAccessorImpl.invoke(DelegatingMethodAccessorImpl.java:43)
	at java.lang.reflect.Method.invoke(Method.java:497)
	at org.jboss.arquillian.core.impl.ObserverImpl.invoke(ObserverImpl.java:94)
	at org.jboss.arquillian.core.impl.EventContextImpl.invokeObservers(EventContextImpl.java:99)
	at org.jboss.arquillian.core.impl.EventContextImpl.proceed(EventContextImpl.java:81)
	at org.jboss.arquillian.test.impl.TestContextHandler.createClassContext(TestContextHandler.java:84)
	at sun.reflect.GeneratedMethodAccessor16.invoke(Unknown Source)
	at sun.reflect.DelegatingMethodAccessorImpl.invoke(DelegatingMethodAccessorImpl.java:43)
	at java.lang.reflect.Method.invoke(Method.java:497)
	at org.jboss.arquillian.core.impl.ObserverImpl.invoke(ObserverImpl.java:94)
	at org.jboss.arquillian.core.impl.EventContextImpl.proceed(EventContextImpl.java:88)
	at org.jboss.arquillian.test.impl.TestContextHandler.createSuiteContext(TestContextHandler.java:65)
	at sun.reflect.GeneratedMethodAccessor15.invoke(Unknown Source)
	at sun.reflect.DelegatingMethodAccessorImpl.invoke(DelegatingMethodAccessorImpl.java:43)
	at java.lang.reflect.Method.invoke(Method.java:497)
	at org.jboss.arquillian.core.impl.ObserverImpl.invoke(ObserverImpl.java:94)
	at org.jboss.arquillian.core.impl.EventContextImpl.proceed(EventContextImpl.java:88)
	at org.jboss.arquillian.core.impl.ManagerImpl.fire(ManagerImpl.java:135)
	at org.jboss.arquillian.core.impl.ManagerImpl.fire(ManagerImpl.java:115)
	at org.jboss.arquillian.test.impl.EventTestRunnerAdaptor.afterClass(EventTestRunnerAdaptor.java:87)
	at org.jboss.arquillian.testng.Arquillian.arquillianAfterClass(Arquillian.java:122)
	at sun.reflect.NativeMethodAccessorImpl.invoke0(Native Method)
	at sun.reflect.NativeMethodAccessorImpl.invoke(NativeMethodAccessorImpl.java:62)
	at sun.reflect.DelegatingMethodAccessorImpl.invoke(DelegatingMethodAccessorImpl.java:43)
	at java.lang.reflect.Method.invoke(Method.java:497)
	at org.testng.internal.MethodInvocationHelper.invokeMethod(MethodInvocationHelper.java:85)
	at org.testng.internal.Invoker.invokeConfigurationMethod(Invoker.java:510)
	at org.testng.internal.Invoker.invokeConfigurations(Invoker.java:211)
	at org.testng.internal.Invoker.invokeConfigurations(Invoker.java:138)
	at org.testng.internal.TestMethodWorker.invokeAfterClassMethods(TestMethodWorker.java:220)
	at org.testng.internal.TestMethodWorker.run(TestMethodWorker.java:111)
	at org.testng.TestRunner.privateRun(TestRunner.java:774)
	at org.testng.TestRunner.run(TestRunner.java:624)
	at org.testng.SuiteRunner.runTest(SuiteRunner.java:359)
	at org.testng.SuiteRunner.runSequentially(SuiteRunner.java:354)
	at org.testng.SuiteRunner.privateRun(SuiteRunner.java:312)
	at org.testng.SuiteRunner.run(SuiteRunner.java:261)
	at org.testng.SuiteRunnerWorker.runSuite(SuiteRunnerWorker.java:52)
	at org.testng.SuiteRunnerWorker.run(SuiteRunnerWorker.java:86)
	at org.testng.TestNG.runSuitesSequentially(TestNG.java:1215)
	at org.testng.TestNG.runSuitesLocally(TestNG.java:1140)
	at org.testng.TestNG.run(TestNG.java:1048)
	at org.testng.remote.RemoteTestNG.run(RemoteTestNG.java:112)
	at org.testng.remote.RemoteTestNG.initAndRun(RemoteTestNG.java:205)
	at org.testng.remote.RemoteTestNG.main(RemoteTestNG.java:176)
Caused by: java.lang.Exception: "WFLYCTL0216: Management resource '[(\"deployment\" => \"test.war\")]' not found"
	at org.jboss.as.controller.client.helpers.standalone.impl.ServerDeploymentPlanResultFuture.getActionResult(ServerDeploymentPlanResultFuture.java:134)
	at org.jboss.as.controller.client.helpers.standalone.impl.ServerDeploymentPlanResultFuture.getResultFromNode(ServerDeploymentPlanResultFuture.java:123)
	at org.jboss.as.controller.client.helpers.standalone.impl.ServerDeploymentPlanResultFuture.get(ServerDeploymentPlanResultFuture.java:85)
	at org.jboss.as.controller.client.helpers.standalone.impl.ServerDeploymentPlanResultFuture.get(ServerDeploymentPlanResultFuture.java:42)
	at org.jboss.as.controller.client.helpers.standalone.ServerDeploymentHelper.undeploy(ServerDeploymentHelper.java:107)
	... 93 more
21:16:59 06.02.2016 INFO  xnio  <clinit>:93 - XNIO version 3.3.4.Final
21:16:59 06.02.2016 INFO  nio  <clinit>:55 - XNIO NIO Implementation Version 3.3.4.Final
21:17:00 06.02.2016 INFO  remoting  <clinit>:73 - JBoss Remoting version 4.0.18.Final
21:17:18 06.02.2016 WARN  ArchiveDeployer  undeploy:57 - Cannot undeploy: test.war
org.jboss.as.controller.client.helpers.standalone.ServerDeploymentHelper$ServerDeploymentException: java.lang.Exception: "WFLYCTL0216: Management resource '[(\"deployment\" => \"test.war\")]' not found"
	at org.jboss.as.controller.client.helpers.standalone.ServerDeploymentHelper.undeploy(ServerDeploymentHelper.java:114)
	at org.jboss.as.arquillian.container.ArchiveDeployer.undeploy(ArchiveDeployer.java:55)
	at org.jboss.as.arquillian.container.CommonDeployableContainer.undeploy(CommonDeployableContainer.java:152)
	at org.jboss.arquillian.container.impl.client.container.ContainerDeployController$4.call(ContainerDeployController.java:205)
	at org.jboss.arquillian.container.impl.client.container.ContainerDeployController$4.call(ContainerDeployController.java:185)
	at org.jboss.arquillian.container.impl.client.container.ContainerDeployController.executeOperation(ContainerDeployController.java:271)
	at org.jboss.arquillian.container.impl.client.container.ContainerDeployController.undeploy(ContainerDeployController.java:184)
	at sun.reflect.NativeMethodAccessorImpl.invoke0(Native Method)
	at sun.reflect.NativeMethodAccessorImpl.invoke(NativeMethodAccessorImpl.java:62)
	at sun.reflect.DelegatingMethodAccessorImpl.invoke(DelegatingMethodAccessorImpl.java:43)
	at java.lang.reflect.Method.invoke(Method.java:497)
	at org.jboss.arquillian.core.impl.ObserverImpl.invoke(ObserverImpl.java:94)
	at org.jboss.arquillian.core.impl.EventContextImpl.invokeObservers(EventContextImpl.java:99)
	at org.jboss.arquillian.core.impl.EventContextImpl.proceed(EventContextImpl.java:81)
	at org.jboss.arquillian.container.impl.client.ContainerDeploymentContextHandler.createDeploymentContext(ContainerDeploymentContextHandler.java:78)
	at sun.reflect.NativeMethodAccessorImpl.invoke0(Native Method)
	at sun.reflect.NativeMethodAccessorImpl.invoke(NativeMethodAccessorImpl.java:62)
	at sun.reflect.DelegatingMethodAccessorImpl.invoke(DelegatingMethodAccessorImpl.java:43)
	at java.lang.reflect.Method.invoke(Method.java:497)
	at org.jboss.arquillian.core.impl.ObserverImpl.invoke(ObserverImpl.java:94)
	at org.jboss.arquillian.core.impl.EventContextImpl.proceed(EventContextImpl.java:88)
	at org.jboss.arquillian.container.impl.client.ContainerDeploymentContextHandler.createContainerContext(ContainerDeploymentContextHandler.java:57)
	at sun.reflect.NativeMethodAccessorImpl.invoke0(Native Method)
	at sun.reflect.NativeMethodAccessorImpl.invoke(NativeMethodAccessorImpl.java:62)
	at sun.reflect.DelegatingMethodAccessorImpl.invoke(DelegatingMethodAccessorImpl.java:43)
	at java.lang.reflect.Method.invoke(Method.java:497)
	at org.jboss.arquillian.core.impl.ObserverImpl.invoke(ObserverImpl.java:94)
	at org.jboss.arquillian.core.impl.EventContextImpl.proceed(EventContextImpl.java:88)
	at org.jboss.arquillian.core.impl.ManagerImpl.fire(ManagerImpl.java:135)
	at org.jboss.arquillian.core.impl.ManagerImpl.fire(ManagerImpl.java:115)
	at org.jboss.arquillian.core.impl.EventImpl.fire(EventImpl.java:67)
	at org.jboss.arquillian.container.impl.client.container.ContainerDeployController$2.perform(ContainerDeployController.java:119)
	at org.jboss.arquillian.container.impl.client.container.ContainerDeployController$2.perform(ContainerDeployController.java:110)
	at org.jboss.arquillian.container.impl.client.container.ContainerDeployController.forEachDeployment(ContainerDeployController.java:263)
	at org.jboss.arquillian.container.impl.client.container.ContainerDeployController.forEachDeployedDeployment(ContainerDeployController.java:249)
	at org.jboss.arquillian.container.impl.client.container.ContainerDeployController.undeployManaged(ContainerDeployController.java:109)
	at sun.reflect.NativeMethodAccessorImpl.invoke0(Native Method)
	at sun.reflect.NativeMethodAccessorImpl.invoke(NativeMethodAccessorImpl.java:62)
	at sun.reflect.DelegatingMethodAccessorImpl.invoke(DelegatingMethodAccessorImpl.java:43)
	at java.lang.reflect.Method.invoke(Method.java:497)
	at org.jboss.arquillian.core.impl.ObserverImpl.invoke(ObserverImpl.java:94)
	at org.jboss.arquillian.core.impl.EventContextImpl.invokeObservers(EventContextImpl.java:99)
	at org.jboss.arquillian.core.impl.EventContextImpl.proceed(EventContextImpl.java:81)
	at org.jboss.arquillian.core.impl.ManagerImpl.fire(ManagerImpl.java:135)
	at org.jboss.arquillian.core.impl.ManagerImpl.fire(ManagerImpl.java:115)
	at org.jboss.arquillian.core.impl.EventImpl.fire(EventImpl.java:67)
	at org.jboss.arquillian.container.test.impl.client.ContainerEventController.execute(ContainerEventController.java:108)
	at sun.reflect.NativeMethodAccessorImpl.invoke0(Native Method)
	at sun.reflect.NativeMethodAccessorImpl.invoke(NativeMethodAccessorImpl.java:62)
	at sun.reflect.DelegatingMethodAccessorImpl.invoke(DelegatingMethodAccessorImpl.java:43)
	at java.lang.reflect.Method.invoke(Method.java:497)
	at org.jboss.arquillian.core.impl.ObserverImpl.invoke(ObserverImpl.java:94)
	at org.jboss.arquillian.core.impl.EventContextImpl.invokeObservers(EventContextImpl.java:99)
	at org.jboss.arquillian.core.impl.EventContextImpl.proceed(EventContextImpl.java:81)
	at org.jboss.arquillian.test.impl.TestContextHandler.createClassContext(TestContextHandler.java:84)
	at sun.reflect.GeneratedMethodAccessor16.invoke(Unknown Source)
	at sun.reflect.DelegatingMethodAccessorImpl.invoke(DelegatingMethodAccessorImpl.java:43)
	at java.lang.reflect.Method.invoke(Method.java:497)
	at org.jboss.arquillian.core.impl.ObserverImpl.invoke(ObserverImpl.java:94)
	at org.jboss.arquillian.core.impl.EventContextImpl.proceed(EventContextImpl.java:88)
	at org.jboss.arquillian.test.impl.TestContextHandler.createSuiteContext(TestContextHandler.java:65)
	at sun.reflect.GeneratedMethodAccessor15.invoke(Unknown Source)
	at sun.reflect.DelegatingMethodAccessorImpl.invoke(DelegatingMethodAccessorImpl.java:43)
	at java.lang.reflect.Method.invoke(Method.java:497)
	at org.jboss.arquillian.core.impl.ObserverImpl.invoke(ObserverImpl.java:94)
	at org.jboss.arquillian.core.impl.EventContextImpl.proceed(EventContextImpl.java:88)
	at org.jboss.arquillian.core.impl.ManagerImpl.fire(ManagerImpl.java:135)
	at org.jboss.arquillian.core.impl.ManagerImpl.fire(ManagerImpl.java:115)
	at org.jboss.arquillian.test.impl.EventTestRunnerAdaptor.afterClass(EventTestRunnerAdaptor.java:87)
	at org.jboss.arquillian.testng.Arquillian.arquillianAfterClass(Arquillian.java:122)
	at sun.reflect.NativeMethodAccessorImpl.invoke0(Native Method)
	at sun.reflect.NativeMethodAccessorImpl.invoke(NativeMethodAccessorImpl.java:62)
	at sun.reflect.DelegatingMethodAccessorImpl.invoke(DelegatingMethodAccessorImpl.java:43)
	at java.lang.reflect.Method.invoke(Method.java:497)
	at org.testng.internal.MethodInvocationHelper.invokeMethod(MethodInvocationHelper.java:85)
	at org.testng.internal.Invoker.invokeConfigurationMethod(Invoker.java:510)
	at org.testng.internal.Invoker.invokeConfigurations(Invoker.java:211)
	at org.testng.internal.Invoker.invokeConfigurations(Invoker.java:138)
	at org.testng.internal.TestMethodWorker.invokeAfterClassMethods(TestMethodWorker.java:220)
	at org.testng.internal.TestMethodWorker.run(TestMethodWorker.java:111)
	at org.testng.TestRunner.privateRun(TestRunner.java:774)
	at org.testng.TestRunner.run(TestRunner.java:624)
	at org.testng.SuiteRunner.runTest(SuiteRunner.java:359)
	at org.testng.SuiteRunner.runSequentially(SuiteRunner.java:354)
	at org.testng.SuiteRunner.privateRun(SuiteRunner.java:312)
	at org.testng.SuiteRunner.run(SuiteRunner.java:261)
	at org.testng.SuiteRunnerWorker.runSuite(SuiteRunnerWorker.java:52)
	at org.testng.SuiteRunnerWorker.run(SuiteRunnerWorker.java:86)
	at org.testng.TestNG.runSuitesSequentially(TestNG.java:1215)
	at org.testng.TestNG.runSuitesLocally(TestNG.java:1140)
	at org.testng.TestNG.run(TestNG.java:1048)
	at org.testng.remote.RemoteTestNG.run(RemoteTestNG.java:112)
	at org.testng.remote.RemoteTestNG.initAndRun(RemoteTestNG.java:205)
	at org.testng.remote.RemoteTestNG.main(RemoteTestNG.java:176)
Caused by: java.lang.Exception: "WFLYCTL0216: Management resource '[(\"deployment\" => \"test.war\")]' not found"
	at org.jboss.as.controller.client.helpers.standalone.impl.ServerDeploymentPlanResultFuture.getActionResult(ServerDeploymentPlanResultFuture.java:134)
	at org.jboss.as.controller.client.helpers.standalone.impl.ServerDeploymentPlanResultFuture.getResultFromNode(ServerDeploymentPlanResultFuture.java:123)
	at org.jboss.as.controller.client.helpers.standalone.impl.ServerDeploymentPlanResultFuture.get(ServerDeploymentPlanResultFuture.java:85)
	at org.jboss.as.controller.client.helpers.standalone.impl.ServerDeploymentPlanResultFuture.get(ServerDeploymentPlanResultFuture.java:42)
	at org.jboss.as.controller.client.helpers.standalone.ServerDeploymentHelper.undeploy(ServerDeploymentHelper.java:107)
	... 93 more
21:19:16 06.02.2016 INFO  xnio  <clinit>:93 - XNIO version 3.3.4.Final
21:19:16 06.02.2016 INFO  nio  <clinit>:55 - XNIO NIO Implementation Version 3.3.4.Final
21:19:16 06.02.2016 INFO  remoting  <clinit>:73 - JBoss Remoting version 4.0.18.Final
21:19:33 06.02.2016 WARN  ArchiveDeployer  undeploy:57 - Cannot undeploy: test.war
org.jboss.as.controller.client.helpers.standalone.ServerDeploymentHelper$ServerDeploymentException: java.lang.Exception: "WFLYCTL0216: Management resource '[(\"deployment\" => \"test.war\")]' not found"
	at org.jboss.as.controller.client.helpers.standalone.ServerDeploymentHelper.undeploy(ServerDeploymentHelper.java:114)
	at org.jboss.as.arquillian.container.ArchiveDeployer.undeploy(ArchiveDeployer.java:55)
	at org.jboss.as.arquillian.container.CommonDeployableContainer.undeploy(CommonDeployableContainer.java:152)
	at org.jboss.arquillian.container.impl.client.container.ContainerDeployController$4.call(ContainerDeployController.java:205)
	at org.jboss.arquillian.container.impl.client.container.ContainerDeployController$4.call(ContainerDeployController.java:185)
	at org.jboss.arquillian.container.impl.client.container.ContainerDeployController.executeOperation(ContainerDeployController.java:271)
	at org.jboss.arquillian.container.impl.client.container.ContainerDeployController.undeploy(ContainerDeployController.java:184)
	at sun.reflect.NativeMethodAccessorImpl.invoke0(Native Method)
	at sun.reflect.NativeMethodAccessorImpl.invoke(NativeMethodAccessorImpl.java:62)
	at sun.reflect.DelegatingMethodAccessorImpl.invoke(DelegatingMethodAccessorImpl.java:43)
	at java.lang.reflect.Method.invoke(Method.java:497)
	at org.jboss.arquillian.core.impl.ObserverImpl.invoke(ObserverImpl.java:94)
	at org.jboss.arquillian.core.impl.EventContextImpl.invokeObservers(EventContextImpl.java:99)
	at org.jboss.arquillian.core.impl.EventContextImpl.proceed(EventContextImpl.java:81)
	at org.jboss.arquillian.container.impl.client.ContainerDeploymentContextHandler.createDeploymentContext(ContainerDeploymentContextHandler.java:78)
	at sun.reflect.NativeMethodAccessorImpl.invoke0(Native Method)
	at sun.reflect.NativeMethodAccessorImpl.invoke(NativeMethodAccessorImpl.java:62)
	at sun.reflect.DelegatingMethodAccessorImpl.invoke(DelegatingMethodAccessorImpl.java:43)
	at java.lang.reflect.Method.invoke(Method.java:497)
	at org.jboss.arquillian.core.impl.ObserverImpl.invoke(ObserverImpl.java:94)
	at org.jboss.arquillian.core.impl.EventContextImpl.proceed(EventContextImpl.java:88)
	at org.jboss.arquillian.container.impl.client.ContainerDeploymentContextHandler.createContainerContext(ContainerDeploymentContextHandler.java:57)
	at sun.reflect.NativeMethodAccessorImpl.invoke0(Native Method)
	at sun.reflect.NativeMethodAccessorImpl.invoke(NativeMethodAccessorImpl.java:62)
	at sun.reflect.DelegatingMethodAccessorImpl.invoke(DelegatingMethodAccessorImpl.java:43)
	at java.lang.reflect.Method.invoke(Method.java:497)
	at org.jboss.arquillian.core.impl.ObserverImpl.invoke(ObserverImpl.java:94)
	at org.jboss.arquillian.core.impl.EventContextImpl.proceed(EventContextImpl.java:88)
	at org.jboss.arquillian.core.impl.ManagerImpl.fire(ManagerImpl.java:135)
	at org.jboss.arquillian.core.impl.ManagerImpl.fire(ManagerImpl.java:115)
	at org.jboss.arquillian.core.impl.EventImpl.fire(EventImpl.java:67)
	at org.jboss.arquillian.container.impl.client.container.ContainerDeployController$2.perform(ContainerDeployController.java:119)
	at org.jboss.arquillian.container.impl.client.container.ContainerDeployController$2.perform(ContainerDeployController.java:110)
	at org.jboss.arquillian.container.impl.client.container.ContainerDeployController.forEachDeployment(ContainerDeployController.java:263)
	at org.jboss.arquillian.container.impl.client.container.ContainerDeployController.forEachDeployedDeployment(ContainerDeployController.java:249)
	at org.jboss.arquillian.container.impl.client.container.ContainerDeployController.undeployManaged(ContainerDeployController.java:109)
	at sun.reflect.NativeMethodAccessorImpl.invoke0(Native Method)
	at sun.reflect.NativeMethodAccessorImpl.invoke(NativeMethodAccessorImpl.java:62)
	at sun.reflect.DelegatingMethodAccessorImpl.invoke(DelegatingMethodAccessorImpl.java:43)
	at java.lang.reflect.Method.invoke(Method.java:497)
	at org.jboss.arquillian.core.impl.ObserverImpl.invoke(ObserverImpl.java:94)
	at org.jboss.arquillian.core.impl.EventContextImpl.invokeObservers(EventContextImpl.java:99)
	at org.jboss.arquillian.core.impl.EventContextImpl.proceed(EventContextImpl.java:81)
	at org.jboss.arquillian.core.impl.ManagerImpl.fire(ManagerImpl.java:135)
	at org.jboss.arquillian.core.impl.ManagerImpl.fire(ManagerImpl.java:115)
	at org.jboss.arquillian.core.impl.EventImpl.fire(EventImpl.java:67)
	at org.jboss.arquillian.container.test.impl.client.ContainerEventController.execute(ContainerEventController.java:108)
	at sun.reflect.NativeMethodAccessorImpl.invoke0(Native Method)
	at sun.reflect.NativeMethodAccessorImpl.invoke(NativeMethodAccessorImpl.java:62)
	at sun.reflect.DelegatingMethodAccessorImpl.invoke(DelegatingMethodAccessorImpl.java:43)
	at java.lang.reflect.Method.invoke(Method.java:497)
	at org.jboss.arquillian.core.impl.ObserverImpl.invoke(ObserverImpl.java:94)
	at org.jboss.arquillian.core.impl.EventContextImpl.invokeObservers(EventContextImpl.java:99)
	at org.jboss.arquillian.core.impl.EventContextImpl.proceed(EventContextImpl.java:81)
	at org.jboss.arquillian.test.impl.TestContextHandler.createClassContext(TestContextHandler.java:84)
	at sun.reflect.GeneratedMethodAccessor16.invoke(Unknown Source)
	at sun.reflect.DelegatingMethodAccessorImpl.invoke(DelegatingMethodAccessorImpl.java:43)
	at java.lang.reflect.Method.invoke(Method.java:497)
	at org.jboss.arquillian.core.impl.ObserverImpl.invoke(ObserverImpl.java:94)
	at org.jboss.arquillian.core.impl.EventContextImpl.proceed(EventContextImpl.java:88)
	at org.jboss.arquillian.test.impl.TestContextHandler.createSuiteContext(TestContextHandler.java:65)
	at sun.reflect.GeneratedMethodAccessor15.invoke(Unknown Source)
	at sun.reflect.DelegatingMethodAccessorImpl.invoke(DelegatingMethodAccessorImpl.java:43)
	at java.lang.reflect.Method.invoke(Method.java:497)
	at org.jboss.arquillian.core.impl.ObserverImpl.invoke(ObserverImpl.java:94)
	at org.jboss.arquillian.core.impl.EventContextImpl.proceed(EventContextImpl.java:88)
	at org.jboss.arquillian.core.impl.ManagerImpl.fire(ManagerImpl.java:135)
	at org.jboss.arquillian.core.impl.ManagerImpl.fire(ManagerImpl.java:115)
	at org.jboss.arquillian.test.impl.EventTestRunnerAdaptor.afterClass(EventTestRunnerAdaptor.java:87)
	at org.jboss.arquillian.testng.Arquillian.arquillianAfterClass(Arquillian.java:122)
	at sun.reflect.NativeMethodAccessorImpl.invoke0(Native Method)
	at sun.reflect.NativeMethodAccessorImpl.invoke(NativeMethodAccessorImpl.java:62)
	at sun.reflect.DelegatingMethodAccessorImpl.invoke(DelegatingMethodAccessorImpl.java:43)
	at java.lang.reflect.Method.invoke(Method.java:497)
	at org.testng.internal.MethodInvocationHelper.invokeMethod(MethodInvocationHelper.java:85)
	at org.testng.internal.Invoker.invokeConfigurationMethod(Invoker.java:510)
	at org.testng.internal.Invoker.invokeConfigurations(Invoker.java:211)
	at org.testng.internal.Invoker.invokeConfigurations(Invoker.java:138)
	at org.testng.internal.TestMethodWorker.invokeAfterClassMethods(TestMethodWorker.java:220)
	at org.testng.internal.TestMethodWorker.run(TestMethodWorker.java:111)
	at org.testng.TestRunner.privateRun(TestRunner.java:774)
	at org.testng.TestRunner.run(TestRunner.java:624)
	at org.testng.SuiteRunner.runTest(SuiteRunner.java:359)
	at org.testng.SuiteRunner.runSequentially(SuiteRunner.java:354)
	at org.testng.SuiteRunner.privateRun(SuiteRunner.java:312)
	at org.testng.SuiteRunner.run(SuiteRunner.java:261)
	at org.testng.SuiteRunnerWorker.runSuite(SuiteRunnerWorker.java:52)
	at org.testng.SuiteRunnerWorker.run(SuiteRunnerWorker.java:86)
	at org.testng.TestNG.runSuitesSequentially(TestNG.java:1215)
	at org.testng.TestNG.runSuitesLocally(TestNG.java:1140)
	at org.testng.TestNG.run(TestNG.java:1048)
	at org.testng.remote.RemoteTestNG.run(RemoteTestNG.java:112)
	at org.testng.remote.RemoteTestNG.initAndRun(RemoteTestNG.java:205)
	at org.testng.remote.RemoteTestNG.main(RemoteTestNG.java:176)
Caused by: java.lang.Exception: "WFLYCTL0216: Management resource '[(\"deployment\" => \"test.war\")]' not found"
	at org.jboss.as.controller.client.helpers.standalone.impl.ServerDeploymentPlanResultFuture.getActionResult(ServerDeploymentPlanResultFuture.java:134)
	at org.jboss.as.controller.client.helpers.standalone.impl.ServerDeploymentPlanResultFuture.getResultFromNode(ServerDeploymentPlanResultFuture.java:123)
	at org.jboss.as.controller.client.helpers.standalone.impl.ServerDeploymentPlanResultFuture.get(ServerDeploymentPlanResultFuture.java:85)
	at org.jboss.as.controller.client.helpers.standalone.impl.ServerDeploymentPlanResultFuture.get(ServerDeploymentPlanResultFuture.java:42)
	at org.jboss.as.controller.client.helpers.standalone.ServerDeploymentHelper.undeploy(ServerDeploymentHelper.java:107)
	... 93 more
21:21:36 06.02.2016 INFO  xnio  <clinit>:93 - XNIO version 3.3.4.Final
21:21:36 06.02.2016 INFO  nio  <clinit>:55 - XNIO NIO Implementation Version 3.3.4.Final
21:21:36 06.02.2016 INFO  remoting  <clinit>:73 - JBoss Remoting version 4.0.18.Final
